<?xml version='1.0' encoding='UTF-8' ?>
<testsuite name="com.taskmastermdt.activities.MainActivityTest2" tests="1" failures="0" errors="0" skipped="0" time="4.308" timestamp="2022-12-07T23:26:43" hostname="localhost">
  <properties>
    <property name="device" value="Pixel_4_API_33(AVD) - 13" />
    <property name="flavor" value="" />
    <property name="project" value=":app" />
  </properties>
  <testcase name="mainActivityTest2" classname="com.taskmastermdt.activities.MainActivityTest2" time="3.965" />
</testsuite>