<?xml version='1.0' encoding='UTF-8' ?>
<testsuite name="com.taskmastermdt.activities.MainActivityTest2_12_12_22" tests="1" failures="0" errors="0" skipped="0" time="2.361" timestamp="2022-12-13T03:52:11" hostname="localhost">
  <properties>
    <property name="device" value="Pixel_4_API_33(AVD) - 13" />
    <property name="flavor" value="" />
    <property name="project" value=":app" />
  </properties>
  <testcase name="mainActivityTest2_12_12_22" classname="com.taskmastermdt.activities.MainActivityTest2_12_12_22" time="2.071" />
</testsuite>